<?xml version="1.0" encoding="UTF-8"?>
<!-- Generated by org.testng.reporters.JUnitReportReporter -->
<testsuite hostname="LAPTOP-1D8K0B0C" failures="0" tests="2" name="tests.DataProviderHashMapTest" time="41.658" errors="0" timestamp="2024-11-20T20:51:55 IST" skipped="0">
  <testcase classname="tests.DataProviderHashMapTest" name="EndTEndTest" time="19.079"/>
  <system-out/>
  <testcase classname="tests.DataProviderHashMapTest" name="EndTEndTest" time="22.579"/>
  <system-out/>
</testsuite> <!-- tests.DataProviderHashMapTest -->
