<?xml version="1.0" encoding="UTF-8"?>
<!-- Generated by org.testng.reporters.JUnitReportReporter -->
<testsuite hostname="LAPTOP-1D8K0B0C" failures="0" tests="2" name="tests.DataProviderTest" time="6.191" errors="0" timestamp="2024-11-20T20:17:48 IST" skipped="1">
  <testcase classname="tests.DataProviderTest" name="OrderHistoryTest" time="6.191"/>
  <system-out/>
  <testcase classname="tests.DataProviderTest" name="EndTEndTest">
    <skipped/>
  </testcase> <!-- EndTEndTest -->
  <system-out/>
</testsuite> <!-- tests.DataProviderTest -->
