<?xml version="1.0" encoding="UTF-8"?>
<!-- Generated by org.testng.reporters.JUnitReportReporter -->
<testsuite hostname="LAPTOP-1D8K0B0C" failures="0" tests="3" name="tests.Json_Test" time="52.333" errors="0" timestamp="2024-11-21T22:59:23 IST" skipped="1">
  <testcase classname="tests.Json_Test" name="EndTEndTest" time="23.419"/>
  <system-out/>
  <testcase classname="tests.Json_Test" name="EndTEndTest" time="22.116"/>
  <system-out/>
  <testcase classname="tests.Json_Test" name="EndTEndTest" time="6.798">
    <skipped/>
  </testcase> <!-- EndTEndTest -->
  <system-out/>
</testsuite> <!-- tests.Json_Test -->
