<?xml version="1.0" encoding="UTF-8"?>
<!-- Generated by org.testng.reporters.JUnitReportReporter -->
<testsuite hostname="LAPTOP-1D8K0B0C" failures="0" tests="2" name="tests.DataProviderHashMapTest" time="43.046" errors="0" timestamp="2024-11-23T13:47:28 IST" skipped="0">
  <testcase classname="tests.DataProviderHashMapTest" name="EndTEndTest" time="22.413"/>
  <system-out/>
  <testcase classname="tests.DataProviderHashMapTest" name="EndTEndTest" time="20.633"/>
  <system-out/>
</testsuite> <!-- tests.DataProviderHashMapTest -->
