<?xml version="1.0" encoding="UTF-8"?>
<!-- Generated by org.testng.reporters.JUnitReportReporter -->
<testsuite hostname="LAPTOP-1D8K0B0C" failures="0" tests="1" name="extentreportConfig.ExtentReportConfiguration" time="21.175" errors="0" timestamp="2024-11-21T16:16:07 IST" skipped="0">
  <testcase classname="extentreportConfig.ExtentReportConfiguration" name="test" time="21.175"/>
  <system-out/>
</testsuite> <!-- extentreportConfig.ExtentReportConfiguration -->
