<?xml version="1.0" encoding="UTF-8"?>
<!-- Generated by org.testng.reporters.JUnitReportReporter -->
<testsuite hostname="LAPTOP-1D8K0B0C" failures="0" tests="2" name="tests.DataProviderTest" time="18.317" errors="0" timestamp="2024-11-22T14:35:15 IST" skipped="1">
  <testcase classname="tests.DataProviderTest" name="OrderHistoryTest" time="18.317"/>
  <testcase classname="tests.DataProviderTest" name="EndTEndTest">
    <skipped/>
  </testcase> <!-- EndTEndTest -->
</testsuite> <!-- tests.DataProviderTest -->
