<?xml version="1.0" encoding="UTF-8"?>
<!-- Generated by org.testng.reporters.JUnitReportReporter -->
<testsuite hostname="LAPTOP-1D8K0B0C" failures="0" tests="3" name="tests.DataProviderHashMapTest" time="51.905" errors="0" timestamp="2024-11-22T14:35:15 IST" skipped="1">
  <testcase classname="tests.DataProviderHashMapTest" name="EndTEndTest" time="20.560"/>
  <testcase classname="tests.DataProviderHashMapTest" name="EndTEndTest" time="25.125"/>
  <testcase classname="tests.DataProviderHashMapTest" name="EndTEndTest" time="6.220">
    <skipped/>
  </testcase> <!-- EndTEndTest -->
</testsuite> <!-- tests.DataProviderHashMapTest -->
