<?xml version="1.0" encoding="UTF-8"?>
<!-- Generated by org.testng.reporters.JUnitReportReporter -->
<testsuite hostname="LAPTOP-1D8K0B0C" failures="0" tests="2" name="tests.Json_Test" time="30.868" errors="0" timestamp="2024-11-23T13:45:57 IST" skipped="0">
  <testcase classname="tests.Json_Test" name="EndTEndTest" time="8.399"/>
  <testcase classname="tests.Json_Test" name="EndTEndTest" time="22.469"/>
</testsuite> <!-- tests.Json_Test -->
