<?xml version="1.0" encoding="UTF-8"?>
<!-- Generated by org.testng.reporters.JUnitReportReporter -->
<testsuite hostname="LAPTOP-1D8K0B0C" failures="0" tests="3" name="tests.DataProviderHashMapTest" time="51.974" errors="0" timestamp="2024-11-23T13:45:57 IST" skipped="1">
  <testcase classname="tests.DataProviderHashMapTest" name="EndTEndTest" time="23.414"/>
  <testcase classname="tests.DataProviderHashMapTest" name="EndTEndTest" time="7.613">
    <skipped/>
  </testcase> <!-- EndTEndTest -->
  <testcase classname="tests.DataProviderHashMapTest" name="EndTEndTest" time="20.947"/>
</testsuite> <!-- tests.DataProviderHashMapTest -->
