<?xml version="1.0" encoding="UTF-8"?>
<!-- Generated by org.testng.reporters.JUnitReportReporter -->
<testsuite hostname="LAPTOP-1D8K0B0C" failures="0" tests="2" name="tests.Json_Test" time="24.078" errors="0" timestamp="2024-11-23T15:14:06 IST" skipped="0">
  <testcase classname="tests.Json_Test" name="EndTEndTest" time="14.480"/>
  <testcase classname="tests.Json_Test" name="EndTEndTest" time="9.598"/>
</testsuite> <!-- tests.Json_Test -->
