<?xml version="1.0" encoding="UTF-8"?>
<!-- Generated by org.testng.reporters.JUnitReportReporter -->
<testsuite hostname="LAPTOP-1D8K0B0C" failures="0" tests="2" name="tests.Json_Test" time="29.183" errors="0" timestamp="2024-11-22T14:37:33 IST" skipped="0">
  <testcase classname="tests.Json_Test" name="EndTEndTest" time="8.953"/>
  <testcase classname="tests.Json_Test" name="EndTEndTest" time="20.230"/>
</testsuite> <!-- tests.Json_Test -->
