<?xml version="1.0" encoding="UTF-8"?>
<!-- Generated by org.testng.reporters.JUnitReportReporter -->
<testsuite hostname="LAPTOP-1D8K0B0C" failures="0" tests="1" name="tests.StandAlonePageObject" time="25.738" errors="0" timestamp="2024-11-22T15:45:35 IST" skipped="0">
  <testcase classname="tests.StandAlonePageObject" name="EndTEndTest" time="25.738"/>
</testsuite> <!-- tests.StandAlonePageObject -->
